<?xml version="1.0" encoding="UTF-8"?>
<!-- Generated by org.testng.reporters.JUnitReportReporter -->
<testsuite hostname="DESKTOP-TP7VCT1" failures="0" tests="1" name="com.sauceDemo.TestPackage.TC06VerifyBuyPage_class" time="4.087" errors="0" timestamp="2022-08-13T00:02:08 IST" skipped="0">
  <testcase classname="com.sauceDemo.TestPackage.TC06VerifyBuyPage_class" name="verifybuypage" time="4.087"/>
  <system-out/>
</testsuite> <!-- com.sauceDemo.TestPackage.TC06VerifyBuyPage_class -->
