<?xml version="1.0" encoding="UTF-8"?>
<!-- Generated by org.testng.reporters.JUnitReportReporter -->
<testsuite hostname="DESKTOP-TP7VCT1" failures="0" tests="1" name="com.sauceDemo.TestPackage.TC03VerifyBagProductAddToCartFunctionality" time="2.982" errors="0" timestamp="2022-08-13T00:02:08 IST" skipped="0">
  <testcase classname="com.sauceDemo.TestPackage.TC03VerifyBagProductAddToCartFunctionality" name="verifyaddtocart" time="2.982"/>
  <system-out/>
</testsuite> <!-- com.sauceDemo.TestPackage.TC03VerifyBagProductAddToCartFunctionality -->
